{"C:\\Users\\georg\\OneDrive\\Desktop\\vue-projects\\job-search\\src\\components\\MainNav.vue": {"path":"C:\\Users\\georg\\OneDrive\\Desktop\\vue-projects\\job-search\\src\\components\\MainNav.vue","statementMap":{"0":{"start":{"line":4,"column":0},"end":{"line":6,"column":3}},"1":{"start":{"line":7,"column":0},"end":{"line":7,"column":25}},"2":{"start":{"line":8,"column":15},"end":{"line":17,"column":1}},"3":{"start":{"line":11,"column":4},"end":{"line":15,"column":6}},"4":{"start":{"line":20,"column":0},"end":{"line":20,"column":13}},"5":{"start":{"line":22,"column":0},"end":{"line":24,"column":3}},"6":{"start":{"line":25,"column":0},"end":{"line":25,"column":24}},"7":{"start":{"line":26,"column":11},"end":{"line":26,"column":25}},"8":{"start":{"line":27,"column":19},"end":{"line":29,"column":1}},"9":{"start":{"line":30,"column":19},"end":{"line":32,"column":1}},"10":{"start":{"line":33,"column":19},"end":{"line":35,"column":1}},"11":{"start":{"line":36,"column":19},"end":{"line":36,"column":27}},"12":{"start":{"line":37,"column":19},"end":{"line":39,"column":1}},"13":{"start":{"line":40,"column":19},"end":{"line":42,"column":1}},"14":{"start":{"line":43,"column":19},"end":{"line":46,"column":1}},"15":{"start":{"line":48,"column":2},"end":{"line":57,"column":43}},"16":{"start":{"line":52,"column":4},"end":{"line":56,"column":107}},"17":{"start":{"line":58,"column":2},"end":{"line":58,"column":49}}},"fnMap":{"0":{"name":"(anonymous_0)","decl":{"start":{"line":10,"column":2},"end":{"line":10,"column":3}},"loc":{"start":{"line":10,"column":9},"end":{"line":16,"column":3}},"line":10},"1":{"name":"render","decl":{"start":{"line":47,"column":9},"end":{"line":47,"column":15}},"loc":{"start":{"line":47,"column":30},"end":{"line":58,"column":1}},"line":47},"2":{"name":"(anonymous_2)","decl":{"start":{"line":51,"column":292},"end":{"line":51,"column":293}},"loc":{"start":{"line":51,"column":304},"end":{"line":57,"column":3}},"line":51}},"branchMap":{},"s":{"0":1,"1":1,"2":1,"3":2,"4":1,"5":1,"6":1,"7":1,"8":1,"9":1,"10":1,"11":1,"12":1,"13":1,"14":1,"15":2,"16":12,"17":1},"f":{"0":2,"1":2,"2":12},"b":{},"inputSourceMap":{"0":"{","1":"\"","2":"v","3":"e","4":"r","5":"s","6":"i","7":"o","8":"n","9":"\"","10":":","11":"3","12":",","13":"\"","14":"s","15":"o","16":"u","17":"r","18":"c","19":"e","20":"s","21":"\"","22":":","23":"[","24":"\"","25":"C","26":":","27":"\\","28":"\\","29":"U","30":"s","31":"e","32":"r","33":"s","34":"\\","35":"\\","36":"g","37":"e","38":"o","39":"r","40":"g","41":"\\","42":"\\","43":"O","44":"n","45":"e","46":"D","47":"r","48":"i","49":"v","50":"e","51":"\\","52":"\\","53":"D","54":"e","55":"s","56":"k","57":"t","58":"o","59":"p","60":"\\","61":"\\","62":"v","63":"u","64":"e","65":"-","66":"p","67":"r","68":"o","69":"j","70":"e","71":"c","72":"t","73":"s","74":"\\","75":"\\","76":"j","77":"o","78":"b","79":"-","80":"s","81":"e","82":"a","83":"r","84":"c","85":"h","86":"\\","87":"\\","88":"s","89":"r","90":"c","91":"\\","92":"\\","93":"c","94":"o","95":"m","96":"p","97":"o","98":"n","99":"e","100":"n","101":"t","102":"s","103":"\\","104":"\\","105":"M","106":"a","107":"i","108":"n","109":"N","110":"a","111":"v","112":".","113":"v","114":"u","115":"e","116":"\"","117":"]","118":",","119":"\"","120":"n","121":"a","122":"m","123":"e","124":"s","125":"\"","126":":","127":"[","128":"]","129":",","130":"\"","131":"m","132":"a","133":"p","134":"p","135":"i","136":"n","137":"g","138":"s","139":"\"","140":":","141":"\"","142":";","143":";","144":";","145":";","146":";","147":";","148":";","149":"e","150":"A","151":"8","152":"B","153":"e","154":";","155":"E","156":"A","157":"C","158":"d","159":",","160":"I","161":"A","162":"A","163":"I","164":",","165":"E","166":"A","167":"A","168":"E","169":",","170":"S","171":"A","172":"A","173":"S","174":";","175":"E","176":"A","177":"C","178":"f","179":",","180":"I","181":"A","182":"A","183":"I","184":",","185":"G","186":"A","187":"A","188":"G","189":";","190":"I","191":"A","192":"C","193":"N","194":",","195":"O","196":"A","197":"A","198":"O","199":";","200":"M","201":"A","202":"C","203":"N","204":",","205":"O","206":"A","207":"A","208":"O","209":",","210":"E","211":"A","212":"A","213":"E","214":",","215":"g","216":"B","217":"A","218":"A","219":"g","220":"B","221":";","222":"M","223":"A","224":"C","225":"z","226":"B","227":",","228":"G","229":"A","230":"A","231":"G","232":",","233":"E","234":"A","235":"A","236":"E","237":",","238":"4","239":"B","240":"A","241":"A","242":"4","243":"B","244":";","245":"M","246":"A","247":"C","248":"j","249":"C","250":",","251":"S","252":"A","253":"A","254":"S","255":",","256":"E","257":"A","258":"A","259":"E","260":",","261":"C","262":"A","263":"C","264":"V","265":",","266":"O","267":"A","268":"A","269":"O","270":",","271":"E","272":"A","273":"C","274":"P","275":",","276":"W","277":"A","278":"A","279":"W","280":",","281":"E","282":"A","283":"C","284":"X","285":",","286":"g","287":"B","288":"A","289":"A","290":"g","291":"B","292":",","293":"E","294":"A","295":"C","296":"h","297":"B","298":",","299":"a","300":"A","301":"A","302":"a","303":",","304":"E","305":"A","306":"C","307":"b","308":",","309":"U","310":"A","311":"A","312":"U","313":",","314":"E","315":"A","316":"C","317":"V","318":",","319":"M","320":"A","321":"A","322":"M","323":";","324":"I","325":"A","326":"E","327":"R","328":",","329":"C","330":"A","331":"A","332":"C","333":";","334":"E","335":"A","336":"C","337":"F","338":";","339":"A","340":"A","341":"C","342":"D","343":",","344":"C","345":"A","346":"A","347":"C","348":";","349":"A","350":"A","351":"A","352":"A","353":";","354":"A","355":"A","356":"A","357":"A","358":"\"","359":",","360":"\"","361":"f","362":"i","363":"l","364":"e","365":"\"","366":":","367":"\"","368":"C","369":":","370":"\\","371":"\\","372":"U","373":"s","374":"e","375":"r","376":"s","377":"\\","378":"\\","379":"g","380":"e","381":"o","382":"r","383":"g","384":"\\","385":"\\","386":"O","387":"n","388":"e","389":"D","390":"r","391":"i","392":"v","393":"e","394":"\\","395":"\\","396":"D","397":"e","398":"s","399":"k","400":"t","401":"o","402":"p","403":"\\","404":"\\","405":"v","406":"u","407":"e","408":"-","409":"p","410":"r","411":"o","412":"j","413":"e","414":"c","415":"t","416":"s","417":"\\","418":"\\","419":"j","420":"o","421":"b","422":"-","423":"s","424":"e","425":"a","426":"r","427":"c","428":"h","429":"\\","430":"\\","431":"s","432":"r","433":"c","434":"\\","435":"\\","436":"c","437":"o","438":"m","439":"p","440":"o","441":"n","442":"e","443":"n","444":"t","445":"s","446":"\\","447":"\\","448":"M","449":"a","450":"i","451":"n","452":"N","453":"a","454":"v","455":".","456":"v","457":"u","458":"e","459":"\"","460":",","461":"\"","462":"s","463":"o","464":"u","465":"r","466":"c","467":"e","468":"s","469":"C","470":"o","471":"n","472":"t","473":"e","474":"n","475":"t","476":"\"","477":":","478":"[","479":"\"","480":"<","481":"t","482":"e","483":"m","484":"p","485":"l","486":"a","487":"t","488":"e","489":">","490":"\\","491":"r","492":"\\","493":"n","494":"\\","495":"t","496":"<","497":"h","498":"e","499":"a","500":"d","501":"e","502":"r","503":" ","504":"c","505":"l","506":"a","507":"s","508":"s","509":"=","510":"\\","511":"\"","512":"w","513":"-","514":"f","515":"u","516":"l","517":"l","518":" ","519":"t","520":"e","521":"x","522":"t","523":"-","524":"s","525":"m","526":"\\","527":"\"","528":">","529":"\\","530":"r","531":"\\","532":"n","533":"\\","534":"t","535":"\\","536":"t","537":"<","538":"d","539":"i","540":"v","541":" ","542":"c","543":"l","544":"a","545":"s","546":"s","547":"=","548":"\\","549":"\"","550":"f","551":"i","552":"x","553":"e","554":"d","555":" ","556":"t","557":"o","558":"p","559":"-","560":"0","561":" ","562":"l","563":"e","564":"f","565":"t","566":"-","567":"0","568":" ","569":"w","570":"-","571":"f","572":"u","573":"l","574":"l","575":" ","576":"h","577":"-","578":"1","579":"6","580":" ","581":"b","582":"g","583":"-","584":"w","585":"h","586":"i","587":"t","588":"e","589":"\\","590":"\"","591":">","592":"\\","593":"r","594":"\\","595":"n","596":"\\","597":"t","598":"\\","599":"t","600":"\\","601":"t","602":"<","603":"d","604":"i","605":"v","606":"\\","607":"r","608":"\\","609":"n","610":"\\","611":"t","612":"\\","613":"t","614":"\\","615":"t","616":"\\","617":"t","618":"c","619":"l","620":"a","621":"s","622":"s","623":"=","624":"\\","625":"\"","626":"f","627":"l","628":"e","629":"x","630":" ","631":"f","632":"l","633":"e","634":"x","635":"-","636":"n","637":"o","638":"w","639":"r","640":"a","641":"p","642":" ","643":"h","644":"-","645":"f","646":"u","647":"l","648":"l","649":" ","650":"p","651":"x","652":"-","653":"8","654":" ","655":"m","656":"x","657":"-","658":"a","659":"u","660":"t","661":"o","662":" ","663":"b","664":"o","665":"r","666":"d","667":"e","668":"r","669":"-","670":"b","671":" ","672":"b","673":"o","674":"r","675":"d","676":"e","677":"r","678":"-","679":"s","680":"o","681":"l","682":"i","683":"d","684":" ","685":"b","686":"o","687":"r","688":"d","689":"e","690":"r","691":"-","692":"b","693":"r","694":"a","695":"n","696":"d","697":"-","698":"g","699":"r","700":"a","701":"y","702":"-","703":"1","704":"\\","705":"\"","706":"\\","707":"r","708":"\\","709":"n","710":"\\","711":"t","712":"\\","713":"t","714":"\\","715":"t","716":">","717":"\\","718":"r","719":"\\","720":"n","721":"\\","722":"t","723":"\\","724":"t","725":"\\","726":"t","727":"\\","728":"t","729":"<","730":"a","731":" ","732":":","733":"h","734":"r","735":"e","736":"f","737":"=","738":"\\","739":"\"","740":"u","741":"r","742":"l","743":"\\","744":"\"","745":" ","746":"c","747":"l","748":"a","749":"s","750":"s","751":"=","752":"\\","753":"\"","754":"f","755":"l","756":"e","757":"x","758":" ","759":"i","760":"t","761":"e","762":"m","763":"s","764":"-","765":"c","766":"e","767":"n","768":"t","769":"e","770":"r","771":" ","772":"h","773":"-","774":"f","775":"u","776":"l","777":"l","778":" ","779":"t","780":"e","781":"x","782":"t","783":"-","784":"x","785":"l","786":"\\","787":"\"","788":">","789":"{","790":"{","791":"\\","792":"r","793":"\\","794":"n","795":"\\","796":"t","797":"\\","798":"t","799":"\\","800":"t","801":"\\","802":"t","803":"\\","804":"t","805":"c","806":"o","807":"m","808":"p","809":"a","810":"n","811":"y","812":"\\","813":"r","814":"\\","815":"n","816":"\\","817":"t","818":"\\","819":"t","820":"\\","821":"t","822":"\\","823":"t","824":"}","825":"}","826":"<","827":"/","828":"a","829":">","830":"\\","831":"r","832":"\\","833":"n","834":"\\","835":"r","836":"\\","837":"n","838":"\\","839":"t","840":"\\","841":"t","842":"\\","843":"t","844":"\\","845":"t","846":"<","847":"n","848":"a","849":"v","850":" ","851":"c","852":"l","853":"a","854":"s","855":"s","856":"=","857":"\\","858":"\"","859":"h","860":"-","861":"f","862":"u","863":"l","864":"l","865":" ","866":"m","867":"l","868":"-","869":"1","870":"2","871":"\\","872":"\"","873":">","874":"\\","875":"r","876":"\\","877":"n","878":"\\","879":"t","880":"\\","881":"t","882":"\\","883":"t","884":"\\","885":"t","886":"\\","887":"t","888":"<","889":"u","890":"l","891":" ","892":"c","893":"l","894":"a","895":"s","896":"s","897":"=","898":"\\","899":"\"","900":"f","901":"l","902":"e","903":"x","904":" ","905":"h","906":"-","907":"f","908":"u","909":"l","910":"l","911":" ","912":"p","913":"-","914":"0","915":" ","916":"m","917":"-","918":"0","919":" ","920":"l","921":"i","922":"s","923":"t","924":"-","925":"n","926":"o","927":"n","928":"e","929":"\\","930":"\"","931":">","932":"\\","933":"r","934":"\\","935":"n","936":"\\","937":"t","938":"\\","939":"t","940":"\\","941":"t","942":"\\","943":"t","944":"\\","945":"t","946":"\\","947":"t","948":"<","949":"l","950":"i","951":"\\","952":"r","953":"\\","954":"n","955":"\\","956":"t","957":"\\","958":"t","959":"\\","960":"t","961":"\\","962":"t","963":"\\","964":"t","965":"\\","966":"t","967":"\\","968":"t","969":"v","970":"-","971":"f","972":"o","973":"r","974":"=","975":"\\","976":"\"","977":"m","978":"e","979":"n","980":"u","981":"I","982":"t","983":"e","984":"m","985":" ","986":"i","987":"n","988":" ","989":"m","990":"e","991":"n","992":"u","993":"I","994":"t","995":"e","996":"m","997":"s","998":"\\","999":"\"","1000":"\\","1001":"r","1002":"\\","1003":"n","1004":"\\","1005":"t","1006":"\\","1007":"t","1008":"\\","1009":"t","1010":"\\","1011":"t","1012":"\\","1013":"t","1014":"\\","1015":"t","1016":"\\","1017":"t","1018":":","1019":"k","1020":"e","1021":"y","1022":"=","1023":"\\","1024":"\"","1025":"m","1026":"e","1027":"n","1028":"u","1029":"I","1030":"t","1031":"e","1032":"m","1033":"\\","1034":"\"","1035":"\\","1036":"r","1037":"\\","1038":"n","1039":"\\","1040":"t","1041":"\\","1042":"t","1043":"\\","1044":"t","1045":"\\","1046":"t","1047":"\\","1048":"t","1049":"\\","1050":"t","1051":"\\","1052":"t","1053":"d","1054":"a","1055":"t","1056":"a","1057":"-","1058":"t","1059":"e","1060":"s","1061":"t","1062":"=","1063":"\\","1064":"\"","1065":"m","1066":"a","1067":"i","1068":"n","1069":"-","1070":"n","1071":"a","1072":"v","1073":"-","1074":"l","1075":"i","1076":"s","1077":"t","1078":"-","1079":"i","1080":"t","1081":"e","1082":"m","1083":"\\","1084":"\"","1085":"\\","1086":"r","1087":"\\","1088":"n","1089":"\\","1090":"t","1091":"\\","1092":"t","1093":"\\","1094":"t","1095":"\\","1096":"t","1097":"\\","1098":"t","1099":"\\","1100":"t","1101":"\\","1102":"t","1103":"c","1104":"l","1105":"a","1106":"s","1107":"s","1108":"=","1109":"\\","1110":"\"","1111":"h","1112":"-","1113":"f","1114":"u","1115":"l","1116":"l","1117":" ","1118":"m","1119":"l","1120":"-","1121":"9","1122":" ","1123":"f","1124":"i","1125":"r","1126":"s","1127":"t","1128":":","1129":"m","1130":"l","1131":"-","1132":"0","1133":"\\","1134":"\"","1135":"\\","1136":"r","1137":"\\","1138":"n","1139":"\\","1140":"t","1141":"\\","1142":"t","1143":"\\","1144":"t","1145":"\\","1146":"t","1147":"\\","1148":"t","1149":"\\","1150":"t","1151":">","1152":"\\","1153":"r","1154":"\\","1155":"n","1156":"\\","1157":"t","1158":"\\","1159":"t","1160":"\\","1161":"t","1162":"\\","1163":"t","1164":"\\","1165":"t","1166":"\\","1167":"t","1168":"\\","1169":"t","1170":"<","1171":"a","1172":" ","1173":"h","1174":"r","1175":"e","1176":"f","1177":"=","1178":"\\","1179":"\"","1180":"\\","1181":"\"","1182":" ","1183":"c","1184":"l","1185":"a","1186":"s","1187":"s","1188":"=","1189":"\\","1190":"\"","1191":"f","1192":"l","1193":"e","1194":"x","1195":" ","1196":"i","1197":"t","1198":"e","1199":"m","1200":"s","1201":"-","1202":"c","1203":"e","1204":"n","1205":"t","1206":"e","1207":"r","1208":" ","1209":"h","1210":"-","1211":"f","1212":"u","1213":"l","1214":"l","1215":" ","1216":"p","1217":"y","1218":"-","1219":"2","1220":".","1221":"5","1222":"\\","1223":"\"","1224":">","1225":"{","1226":"{","1227":"\\","1228":"r","1229":"\\","1230":"n","1231":"\\","1232":"t","1233":"\\","1234":"t","1235":"\\","1236":"t","1237":"\\","1238":"t","1239":"\\","1240":"t","1241":"\\","1242":"t","1243":"\\","1244":"t","1245":"\\","1246":"t","1247":"m","1248":"e","1249":"n","1250":"u","1251":"I","1252":"t","1253":"e","1254":"m","1255":"\\","1256":"r","1257":"\\","1258":"n","1259":"\\","1260":"t","1261":"\\","1262":"t","1263":"\\","1264":"t","1265":"\\","1266":"t","1267":"\\","1268":"t","1269":"\\","1270":"t","1271":"\\","1272":"t","1273":"}","1274":"}","1275":"<","1276":"/","1277":"a","1278":">","1279":"\\","1280":"r","1281":"\\","1282":"n","1283":"\\","1284":"t","1285":"\\","1286":"t","1287":"\\","1288":"t","1289":"\\","1290":"t","1291":"\\","1292":"t","1293":"\\","1294":"t","1295":"<","1296":"/","1297":"l","1298":"i","1299":">","1300":"\\","1301":"r","1302":"\\","1303":"n","1304":"\\","1305":"t","1306":"\\","1307":"t","1308":"\\","1309":"t","1310":"\\","1311":"t","1312":"\\","1313":"t","1314":"<","1315":"/","1316":"u","1317":"l","1318":">","1319":"\\","1320":"r","1321":"\\","1322":"n","1323":"\\","1324":"t","1325":"\\","1326":"t","1327":"\\","1328":"t","1329":"\\","1330":"t","1331":"<","1332":"/","1333":"n","1334":"a","1335":"v","1336":">","1337":"\\","1338":"r","1339":"\\","1340":"n","1341":"\\","1342":"t","1343":"\\","1344":"t","1345":"\\","1346":"t","1347":"<","1348":"/","1349":"d","1350":"i","1351":"v","1352":">","1353":"\\","1354":"r","1355":"\\","1356":"n","1357":"\\","1358":"t","1359":"\\","1360":"t","1361":"<","1362":"/","1363":"d","1364":"i","1365":"v","1366":">","1367":"\\","1368":"r","1369":"\\","1370":"n","1371":"\\","1372":"t","1373":"<","1374":"/","1375":"h","1376":"e","1377":"a","1378":"d","1379":"e","1380":"r","1381":">","1382":"\\","1383":"r","1384":"\\","1385":"n","1386":"<","1387":"/","1388":"t","1389":"e","1390":"m","1391":"p","1392":"l","1393":"a","1394":"t","1395":"e","1396":">","1397":"\\","1398":"r","1399":"\\","1400":"n","1401":"\\","1402":"r","1403":"\\","1404":"n","1405":"<","1406":"s","1407":"c","1408":"r","1409":"i","1410":"p","1411":"t","1412":">","1413":"\\","1414":"r","1415":"\\","1416":"n","1417":"e","1418":"x","1419":"p","1420":"o","1421":"r","1422":"t","1423":" ","1424":"d","1425":"e","1426":"f","1427":"a","1428":"u","1429":"l","1430":"t","1431":" ","1432":"{","1433":"\\","1434":"r","1435":"\\","1436":"n","1437":"\\","1438":"t","1439":"n","1440":"a","1441":"m","1442":"e","1443":":","1444":" ","1445":"\\","1446":"\"","1447":"M","1448":"a","1449":"i","1450":"n","1451":"N","1452":"a","1453":"v","1454":"\\","1455":"\"","1456":",","1457":"\\","1458":"r","1459":"\\","1460":"n","1461":"\\","1462":"t","1463":"d","1464":"a","1465":"t","1466":"a","1467":"(","1468":")","1469":" ","1470":"{","1471":"\\","1472":"r","1473":"\\","1474":"n","1475":"\\","1476":"t","1477":"\\","1478":"t","1479":"r","1480":"e","1481":"t","1482":"u","1483":"r","1484":"n","1485":" ","1486":"{","1487":"\\","1488":"r","1489":"\\","1490":"n","1491":"\\","1492":"t","1493":"\\","1494":"t","1495":"\\","1496":"t","1497":"c","1498":"o","1499":"m","1500":"p","1501":"a","1502":"n","1503":"y","1504":":","1505":" ","1506":"\\","1507":"\"","1508":"B","1509":"o","1510":"o","1511":"g","1512":"l","1513":"e","1514":" ","1515":"C","1516":"a","1517":"r","1518":"e","1519":"e","1520":"r","1521":"s","1522":"\\","1523":"\"","1524":",","1525":"\\","1526":"r","1527":"\\","1528":"n","1529":"\\","1530":"t","1531":"\\","1532":"t","1533":"\\","1534":"t","1535":"u","1536":"r","1537":"l","1538":":","1539":" ","1540":"\\","1541":"\"","1542":"h","1543":"t","1544":"t","1545":"p","1546":"s","1547":":","1548":"/","1549":"/","1550":"c","1551":"a","1552":"r","1553":"e","1554":"e","1555":"r","1556":"s","1557":".","1558":"g","1559":"o","1560":"o","1561":"g","1562":"l","1563":"e","1564":".","1565":"c","1566":"o","1567":"m","1568":"\\","1569":"\"","1570":",","1571":"\\","1572":"r","1573":"\\","1574":"n","1575":"\\","1576":"t","1577":"\\","1578":"t","1579":"\\","1580":"t","1581":"m","1582":"e","1583":"n","1584":"u","1585":"I","1586":"t","1587":"e","1588":"m","1589":"s","1590":":","1591":" ","1592":"[","1593":"\\","1594":"r","1595":"\\","1596":"n","1597":"\\","1598":"t","1599":"\\","1600":"t","1601":"\\","1602":"t","1603":"\\","1604":"t","1605":"\\","1606":"\"","1607":"T","1608":"e","1609":"a","1610":"m","1611":"s","1612":"\\","1613":"\"","1614":",","1615":"\\","1616":"r","1617":"\\","1618":"n","1619":"\\","1620":"t","1621":"\\","1622":"t","1623":"\\","1624":"t","1625":"\\","1626":"t","1627":"\\","1628":"\"","1629":"L","1630":"o","1631":"c","1632":"a","1633":"t","1634":"i","1635":"o","1636":"n","1637":"s","1638":"\\","1639":"\"","1640":",","1641":"\\","1642":"r","1643":"\\","1644":"n","1645":"\\","1646":"t","1647":"\\","1648":"t","1649":"\\","1650":"t","1651":"\\","1652":"t","1653":"\\","1654":"\"","1655":"L","1656":"i","1657":"f","1658":"e","1659":" ","1660":"a","1661":"t","1662":" ","1663":"B","1664":"o","1665":"o","1666":"g","1667":"l","1668":"e","1669":"\\","1670":"\"","1671":",","1672":"\\","1673":"r","1674":"\\","1675":"n","1676":"\\","1677":"t","1678":"\\","1679":"t","1680":"\\","1681":"t","1682":"\\","1683":"t","1684":"\\","1685":"\"","1686":"H","1687":"o","1688":"w","1689":" ","1690":"w","1691":"e","1692":" ","1693":"h","1694":"i","1695":"r","1696":"e","1697":"\\","1698":"\"","1699":",","1700":"\\","1701":"r","1702":"\\","1703":"n","1704":"\\","1705":"t","1706":"\\","1707":"t","1708":"\\","1709":"t","1710":"\\","1711":"t","1712":"\\","1713":"\"","1714":"S","1715":"t","1716":"u","1717":"d","1718":"e","1719":"n","1720":"t","1721":"s","1722":"\\","1723":"\"","1724":",","1725":"\\","1726":"r","1727":"\\","1728":"n","1729":"\\","1730":"t","1731":"\\","1732":"t","1733":"\\","1734":"t","1735":"\\","1736":"t","1737":"\\","1738":"\"","1739":"J","1740":"o","1741":"b","1742":"s","1743":"\\","1744":"\"","1745":",","1746":"\\","1747":"r","1748":"\\","1749":"n","1750":"\\","1751":"t","1752":"\\","1753":"t","1754":"\\","1755":"t","1756":"]","1757":",","1758":"\\","1759":"r","1760":"\\","1761":"n","1762":"\\","1763":"t","1764":"\\","1765":"t","1766":"}","1767":";","1768":"\\","1769":"r","1770":"\\","1771":"n","1772":"\\","1773":"t","1774":"}","1775":",","1776":"\\","1777":"r","1778":"\\","1779":"n","1780":"}","1781":";","1782":"\\","1783":"r","1784":"\\","1785":"n","1786":"<","1787":"/","1788":"s","1789":"c","1790":"r","1791":"i","1792":"p","1793":"t","1794":">","1795":"\\","1796":"r","1797":"\\","1798":"n","1799":"\"","1800":"]","1801":"}"},"_coverageSchema":"1a1c01bbd47fc00a2c39e90264f33305004495a9","hash":"d3ccba31d0f1ab6f0ea5f9fa2257fd90a2566947"}
}
