{"C:\\Users\\georg\\OneDrive\\Desktop\\vue-projects\\job-search\\src\\components\\ActionButton.vue": {"path":"C:\\Users\\georg\\OneDrive\\Desktop\\vue-projects\\job-search\\src\\components\\ActionButton.vue","statementMap":{"0":{"start":{"line":4,"column":0},"end":{"line":6,"column":3}},"1":{"start":{"line":7,"column":0},"end":{"line":7,"column":25}},"2":{"start":{"line":8,"column":15},"end":{"line":18,"column":1}},"3":{"start":{"line":13,"column":6},"end":{"line":15,"column":8}},"4":{"start":{"line":21,"column":0},"end":{"line":21,"column":13}},"5":{"start":{"line":23,"column":0},"end":{"line":25,"column":3}},"6":{"start":{"line":26,"column":0},"end":{"line":26,"column":24}},"7":{"start":{"line":27,"column":11},"end":{"line":27,"column":25}},"8":{"start":{"line":29,"column":2},"end":{"line":31,"column":113}},"9":{"start":{"line":32,"column":2},"end":{"line":32,"column":49}}},"fnMap":{"0":{"name":"(anonymous_0)","decl":{"start":{"line":12,"column":4},"end":{"line":12,"column":5}},"loc":{"start":{"line":12,"column":18},"end":{"line":16,"column":5}},"line":12},"1":{"name":"render","decl":{"start":{"line":28,"column":9},"end":{"line":28,"column":15}},"loc":{"start":{"line":28,"column":30},"end":{"line":32,"column":1}},"line":28}},"branchMap":{},"s":{"0":2,"1":2,"2":2,"3":5,"4":2,"5":2,"6":2,"7":2,"8":5,"9":2},"f":{"0":5,"1":5},"b":{},"inputSourceMap":{"0":"{","1":"\"","2":"v","3":"e","4":"r","5":"s","6":"i","7":"o","8":"n","9":"\"","10":":","11":"3","12":",","13":"\"","14":"s","15":"o","16":"u","17":"r","18":"c","19":"e","20":"s","21":"\"","22":":","23":"[","24":"\"","25":"C","26":":","27":"\\","28":"\\","29":"U","30":"s","31":"e","32":"r","33":"s","34":"\\","35":"\\","36":"g","37":"e","38":"o","39":"r","40":"g","41":"\\","42":"\\","43":"O","44":"n","45":"e","46":"D","47":"r","48":"i","49":"v","50":"e","51":"\\","52":"\\","53":"D","54":"e","55":"s","56":"k","57":"t","58":"o","59":"p","60":"\\","61":"\\","62":"v","63":"u","64":"e","65":"-","66":"p","67":"r","68":"o","69":"j","70":"e","71":"c","72":"t","73":"s","74":"\\","75":"\\","76":"j","77":"o","78":"b","79":"-","80":"s","81":"e","82":"a","83":"r","84":"c","85":"h","86":"\\","87":"\\","88":"s","89":"r","90":"c","91":"\\","92":"\\","93":"c","94":"o","95":"m","96":"p","97":"o","98":"n","99":"e","100":"n","101":"t","102":"s","103":"\\","104":"\\","105":"A","106":"c","107":"t","108":"i","109":"o","110":"n","111":"B","112":"u","113":"t","114":"t","115":"o","116":"n","117":".","118":"v","119":"u","120":"e","121":"\"","122":"]","123":",","124":"\"","125":"n","126":"a","127":"m","128":"e","129":"s","130":"\"","131":":","132":"[","133":"]","134":",","135":"\"","136":"m","137":"a","138":"p","139":"p","140":"i","141":"n","142":"g","143":"s","144":"\"","145":":","146":"\"","147":";","148":";","149":";","150":";","151":";","152":";","153":";","154":"e","155":"A","156":"Q","157":"e","158":";","159":"E","160":"A","161":"C","162":"d","163":",","164":"I","165":"A","166":"A","167":"I","168":",","169":"E","170":"A","171":"A","172":"E","173":",","174":"c","175":"A","176":"A","177":"c","178":";","179":"E","180":"A","181":"C","182":"p","183":"B","184":",","185":"K","186":"A","187":"A","188":"K","189":",","190":"E","191":"A","192":"A","193":"E","194":",","195":"C","196":"A","197":"A","198":"C","199":",","200":"M","201":"A","202":"A","203":"M","204":",","205":"E","206":"A","207":"A","208":"E","209":",","210":"M","211":"A","212":"A","213":"M","214":",","215":"C","216":"A","217":"A","218":"C","219":";","220":"E","221":"A","222":"C","223":"v","224":"B","225":",","226":"Q","227":"A","228":"A","229":"Q","230":",","231":"E","232":"A","233":"A","234":"E","235":";","236":"I","237":"A","238":"C","239":"T","240":",","241":"W","242":"A","243":"A","244":"W","245":",","246":"G","247":"A","248":"A","249":"G","250":";","251":"M","252":"A","253":"C","254":"b","255":",","256":"O","257":"A","258":"A","259":"O","260":";","261":"Q","262":"A","263":"C","264":"N","265":",","266":"C","267":"A","268":"A","269":"C","270":",","271":"I","272":"A","273":"A","274":"I","275":",","276":"C","277":"A","278":"A","279":"C","280":",","281":"I","282":"A","283":"A","284":"I","285":",","286":"G","287":"A","288":"A","289":"G","290":",","291":"I","292":"A","293":"A","294":"I","295":",","296":"C","297":"A","298":"A","299":"E","300":";","301":"M","302":"A","303":"C","304":"p","305":"B","306":",","307":"C","308":"A","309":"A","310":"C","311":";","312":"I","313":"A","314":"C","315":"F","316":";","317":"E","318":"A","319":"C","320":"D","321":";","322":"A","323":"A","324":"C","325":"D","326":",","327":"C","328":"A","329":"A","330":"C","331":";","332":"A","333":"A","334":"A","335":"A","336":";","337":"A","338":"A","339":"A","340":"A","341":"\"","342":",","343":"\"","344":"f","345":"i","346":"l","347":"e","348":"\"","349":":","350":"\"","351":"C","352":":","353":"\\","354":"\\","355":"U","356":"s","357":"e","358":"r","359":"s","360":"\\","361":"\\","362":"g","363":"e","364":"o","365":"r","366":"g","367":"\\","368":"\\","369":"O","370":"n","371":"e","372":"D","373":"r","374":"i","375":"v","376":"e","377":"\\","378":"\\","379":"D","380":"e","381":"s","382":"k","383":"t","384":"o","385":"p","386":"\\","387":"\\","388":"v","389":"u","390":"e","391":"-","392":"p","393":"r","394":"o","395":"j","396":"e","397":"c","398":"t","399":"s","400":"\\","401":"\\","402":"j","403":"o","404":"b","405":"-","406":"s","407":"e","408":"a","409":"r","410":"c","411":"h","412":"\\","413":"\\","414":"s","415":"r","416":"c","417":"\\","418":"\\","419":"c","420":"o","421":"m","422":"p","423":"o","424":"n","425":"e","426":"n","427":"t","428":"s","429":"\\","430":"\\","431":"A","432":"c","433":"t","434":"i","435":"o","436":"n","437":"B","438":"u","439":"t","440":"t","441":"o","442":"n","443":".","444":"v","445":"u","446":"e","447":"\"","448":",","449":"\"","450":"s","451":"o","452":"u","453":"r","454":"c","455":"e","456":"s","457":"C","458":"o","459":"n","460":"t","461":"e","462":"n","463":"t","464":"\"","465":":","466":"[","467":"\"","468":"<","469":"t","470":"e","471":"m","472":"p","473":"l","474":"a","475":"t","476":"e","477":">","478":"\\","479":"r","480":"\\","481":"n","482":"\\","483":"t","484":"<","485":"!","486":"-","487":"-","488":" ","489":"U","490":"s","491":"i","492":"n","493":"g","494":" ","495":"v","496":"-","497":"b","498":"i","499":"n","500":"d","501":" ","502":"t","503":"o","504":" ","505":"c","506":"o","507":"n","508":"n","509":"e","510":"c","511":"t","512":" ","513":"a","514":" ","515":"c","516":"o","517":"m","518":"p","519":"u","520":"t","521":"e","522":"d","523":" ","524":"p","525":"r","526":"o","527":"p","528":"e","529":"r","530":"t","531":"y","532":",","533":" ","534":"l","535":"o","536":"g","537":"i","538":"c","539":" ","540":"t","541":"h","542":"e","543":" ","544":"s","545":"a","546":"m","547":"e","548":" ","549":"a","550":"s","551":" ","552":"d","553":"a","554":"t","555":"a","556":" ","557":"\\","558":"t","559":"p","560":"r","561":"o","562":"p","563":"e","564":"r","565":"t","566":"y","567":".","568":" ","569":"-","570":"-","571":">","572":"\\","573":"r","574":"\\","575":"n","576":"\\","577":"t","578":"<","579":"b","580":"u","581":"t","582":"t","583":"o","584":"n","585":" ","586":":","587":"c","588":"l","589":"a","590":"s","591":"s","592":"=","593":"\\","594":"\"","595":"b","596":"u","597":"t","598":"t","599":"o","600":"n","601":"C","602":"l","603":"a","604":"s","605":"s","606":"\\","607":"\"","608":">","609":"\\","610":"r","611":"\\","612":"n","613":"\\","614":"t","615":"\\","616":"t","617":"{","618":"{","619":" ","620":"t","621":"e","622":"x","623":"t","624":" ","625":"}","626":"}","627":"\\","628":"r","629":"\\","630":"n","631":"\\","632":"t","633":"<","634":"/","635":"b","636":"u","637":"t","638":"t","639":"o","640":"n","641":">","642":"\\","643":"r","644":"\\","645":"n","646":"<","647":"/","648":"t","649":"e","650":"m","651":"p","652":"l","653":"a","654":"t","655":"e","656":">","657":"\\","658":"r","659":"\\","660":"n","661":"\\","662":"r","663":"\\","664":"n","665":"<","666":"s","667":"c","668":"r","669":"i","670":"p","671":"t","672":">","673":"\\","674":"r","675":"\\","676":"n","677":"e","678":"x","679":"p","680":"o","681":"r","682":"t","683":" ","684":"d","685":"e","686":"f","687":"a","688":"u","689":"l","690":"t","691":" ","692":"{","693":"\\","694":"r","695":"\\","696":"n","697":"\\","698":"t","699":"n","700":"a","701":"m","702":"e","703":":","704":" ","705":"\\","706":"\"","707":"A","708":"c","709":"t","710":"i","711":"o","712":"n","713":"B","714":"u","715":"t","716":"t","717":"o","718":"n","719":"\\","720":"\"","721":",","722":"\\","723":"r","724":"\\","725":"n","726":"\\","727":"t","728":"p","729":"r","730":"o","731":"p","732":"s","733":":","734":" ","735":"[","736":"\\","737":"\"","738":"t","739":"e","740":"x","741":"t","742":"\\","743":"\"","744":",","745":" ","746":"\\","747":"\"","748":"t","749":"y","750":"p","751":"e","752":"\\","753":"\"","754":"]","755":",","756":"\\","757":"r","758":"\\","759":"n","760":"\\","761":"t","762":"c","763":"o","764":"m","765":"p","766":"u","767":"t","768":"e","769":"d","770":":","771":" ","772":"{","773":"\\","774":"r","775":"\\","776":"n","777":"\\","778":"t","779":"\\","780":"t","781":"b","782":"u","783":"t","784":"t","785":"o","786":"n","787":"C","788":"l","789":"a","790":"s","791":"s","792":"(","793":")","794":" ","795":"{","796":"\\","797":"r","798":"\\","799":"n","800":"\\","801":"t","802":"\\","803":"t","804":"\\","805":"t","806":"r","807":"e","808":"t","809":"u","810":"r","811":"n","812":" ","813":"{","814":"\\","815":"r","816":"\\","817":"n","818":"\\","819":"t","820":"\\","821":"t","822":"\\","823":"t","824":"\\","825":"t","826":"[","827":"t","828":"h","829":"i","830":"s","831":".","832":"t","833":"y","834":"p","835":"e","836":"]","837":":","838":" ","839":"t","840":"r","841":"u","842":"e","843":",","844":" ","845":"/","846":"/","847":" ","848":"{","849":" ","850":"p","851":"r","852":"i","853":"m","854":"a","855":"r","856":"y","857":":","858":" ","859":"t","860":"r","861":"u","862":"e","863":" ","864":"}","865":"\\","866":"r","867":"\\","868":"n","869":"\\","870":"t","871":"\\","872":"t","873":"\\","874":"t","875":"}","876":";","877":"\\","878":"r","879":"\\","880":"n","881":"\\","882":"t","883":"\\","884":"t","885":"}","886":",","887":"\\","888":"r","889":"\\","890":"n","891":"\\","892":"t","893":"}","894":",","895":"\\","896":"r","897":"\\","898":"n","899":"}","900":";","901":"\\","902":"r","903":"\\","904":"n","905":"<","906":"/","907":"s","908":"c","909":"r","910":"i","911":"p","912":"t","913":">","914":"\\","915":"r","916":"\\","917":"n","918":"\\","919":"r","920":"\\","921":"n","922":"<","923":"s","924":"t","925":"y","926":"l","927":"e","928":" ","929":"s","930":"c","931":"o","932":"p","933":"e","934":"d","935":">","936":"\\","937":"r","938":"\\","939":"n","940":"b","941":"u","942":"t","943":"t","944":"o","945":"n","946":" ","947":"{","948":"\\","949":"r","950":"\\","951":"n","952":"\\","953":"t","954":"@","955":"a","956":"p","957":"p","958":"l","959":"y","960":" ","961":"p","962":"x","963":"-","964":"5","965":" ","966":"p","967":"y","968":"-","969":"3","970":" ","971":"r","972":"o","973":"u","974":"n","975":"d","976":"e","977":"d","978":" ","979":"f","980":"o","981":"n","982":"t","983":"-","984":"m","985":"e","986":"d","987":"i","988":"u","989":"m","990":";","991":"\\","992":"r","993":"\\","994":"n","995":"}","996":"\\","997":"r","998":"\\","999":"n","1000":".","1001":"p","1002":"r","1003":"i","1004":"m","1005":"a","1006":"r","1007":"y","1008":" ","1009":"{","1010":"\\","1011":"r","1012":"\\","1013":"n","1014":"\\","1015":"t","1016":"@","1017":"a","1018":"p","1019":"p","1020":"l","1021":"y","1022":" ","1023":"t","1024":"e","1025":"x","1026":"t","1027":"-","1028":"w","1029":"h","1030":"i","1031":"t","1032":"e","1033":" ","1034":"b","1035":"g","1036":"-","1037":"b","1038":"r","1039":"a","1040":"n","1041":"d","1042":"-","1043":"b","1044":"l","1045":"u","1046":"e","1047":"-","1048":"1","1049":" ","1050":"h","1051":"o","1052":"v","1053":"e","1054":"r","1055":":","1056":"s","1057":"h","1058":"a","1059":"d","1060":"o","1061":"w","1062":"-","1063":"b","1064":"l","1065":"u","1066":"e","1067":";","1068":"\\","1069":"r","1070":"\\","1071":"n","1072":"}","1073":"\\","1074":"r","1075":"\\","1076":"n","1077":".","1078":"s","1079":"e","1080":"c","1081":"o","1082":"n","1083":"d","1084":"a","1085":"r","1086":"y","1087":" ","1088":"{","1089":"\\","1090":"r","1091":"\\","1092":"n","1093":"\\","1094":"t","1095":"@","1096":"a","1097":"p","1098":"p","1099":"l","1100":"y","1101":" ","1102":"b","1103":"g","1104":"-","1105":"t","1106":"r","1107":"a","1108":"n","1109":"s","1110":"p","1111":"a","1112":"r","1113":"e","1114":"n","1115":"t","1116":" ","1117":"t","1118":"e","1119":"x","1120":"t","1121":"-","1122":"b","1123":"r","1124":"a","1125":"n","1126":"d","1127":"-","1128":"b","1129":"l","1130":"u","1131":"e","1132":"-","1133":"1","1134":" ","1135":"h","1136":"o","1137":"v","1138":"e","1139":"r","1140":":","1141":"b","1142":"g","1143":"-","1144":"b","1145":"r","1146":"a","1147":"n","1148":"d","1149":"-","1150":"b","1151":"l","1152":"u","1153":"e","1154":"-","1155":"2","1156":" ","1157":"h","1158":"o","1159":"v","1160":"e","1161":"r","1162":":","1163":"t","1164":"e","1165":"x","1166":"t","1167":"-","1168":"w","1169":"h","1170":"i","1171":"t","1172":"e","1173":";","1174":"\\","1175":"r","1176":"\\","1177":"n","1178":"}","1179":"\\","1180":"r","1181":"\\","1182":"n","1183":"<","1184":"/","1185":"s","1186":"t","1187":"y","1188":"l","1189":"e","1190":">","1191":"\\","1192":"r","1193":"\\","1194":"n","1195":"\"","1196":"]","1197":"}"},"_coverageSchema":"1a1c01bbd47fc00a2c39e90264f33305004495a9","hash":"b524b1da1db3fda2d4697b2b06a3aeb261e47afe"}
,"C:\\Users\\georg\\OneDrive\\Desktop\\vue-projects\\job-search\\src\\components\\MainNav.vue": {"path":"C:\\Users\\georg\\OneDrive\\Desktop\\vue-projects\\job-search\\src\\components\\MainNav.vue","statementMap":{"0":{"start":{"line":4,"column":29},"end":{"line":4,"column":164}},"1":{"start":{"line":5,"column":0},"end":{"line":7,"column":3}},"2":{"start":{"line":8,"column":0},"end":{"line":8,"column":25}},"3":{"start":{"line":46,"column":0},"end":{"line":46,"column":13}},"4":{"start":{"line":48,"column":0},"end":{"line":50,"column":3}},"5":{"start":{"line":51,"column":0},"end":{"line":51,"column":24}},"6":{"start":{"line":52,"column":11},"end":{"line":52,"column":25}},"7":{"start":{"line":53,"column":19},"end":{"line":55,"column":1}},"8":{"start":{"line":56,"column":19},"end":{"line":58,"column":1}},"9":{"start":{"line":59,"column":19},"end":{"line":61,"column":1}},"10":{"start":{"line":62,"column":19},"end":{"line":62,"column":27}},"11":{"start":{"line":63,"column":19},"end":{"line":65,"column":1}},"12":{"start":{"line":66,"column":19},"end":{"line":68,"column":1}},"13":{"start":{"line":69,"column":19},"end":{"line":72,"column":1}},"14":{"start":{"line":73,"column":19},"end":{"line":75,"column":1}},"15":{"start":{"line":77,"column":35},"end":{"line":77,"column":78}},"16":{"start":{"line":78,"column":35},"end":{"line":78,"column":78}},"17":{"start":{"line":79,"column":2},"end":{"line":97,"column":49}},"18":{"start":{"line":83,"column":4},"end":{"line":87,"column":107}},"19":{"start":{"line":98,"column":2},"end":{"line":98,"column":49}}},"fnMap":{"0":{"name":"render","decl":{"start":{"line":76,"column":9},"end":{"line":76,"column":15}},"loc":{"start":{"line":76,"column":30},"end":{"line":98,"column":1}},"line":76},"1":{"name":"(anonymous_1)","decl":{"start":{"line":82,"column":292},"end":{"line":82,"column":293}},"loc":{"start":{"line":82,"column":304},"end":{"line":88,"column":3}},"line":82}},"branchMap":{"0":{"loc":{"start":{"line":88,"column":87},"end":{"line":97,"column":40}},"type":"cond-expr","locations":[{"start":{"line":88,"column":106},"end":{"line":91,"column":4}},{"start":{"line":91,"column":9},"end":{"line":97,"column":39}}],"line":88}},"s":{"0":1,"1":1,"2":1,"3":1,"4":1,"5":1,"6":1,"7":1,"8":1,"9":1,"10":1,"11":1,"12":1,"13":1,"14":1,"15":5,"16":5,"17":5,"18":30,"19":1},"f":{"0":5,"1":30},"b":{"0":[1,4]},"inputSourceMap":{"0":"{","1":"\"","2":"v","3":"e","4":"r","5":"s","6":"i","7":"o","8":"n","9":"\"","10":":","11":"3","12":",","13":"\"","14":"s","15":"o","16":"u","17":"r","18":"c","19":"e","20":"s","21":"\"","22":":","23":"[","24":"\"","25":"C","26":":","27":"\\","28":"\\","29":"U","30":"s","31":"e","32":"r","33":"s","34":"\\","35":"\\","36":"g","37":"e","38":"o","39":"r","40":"g","41":"\\","42":"\\","43":"O","44":"n","45":"e","46":"D","47":"r","48":"i","49":"v","50":"e","51":"\\","52":"\\","53":"D","54":"e","55":"s","56":"k","57":"t","58":"o","59":"p","60":"\\","61":"\\","62":"v","63":"u","64":"e","65":"-","66":"p","67":"r","68":"o","69":"j","70":"e","71":"c","72":"t","73":"s","74":"\\","75":"\\","76":"j","77":"o","78":"b","79":"-","80":"s","81":"e","82":"a","83":"r","84":"c","85":"h","86":"\\","87":"\\","88":"s","89":"r","90":"c","91":"\\","92":"\\","93":"c","94":"o","95":"m","96":"p","97":"o","98":"n","99":"e","100":"n","101":"t","102":"s","103":"\\","104":"\\","105":"M","106":"a","107":"i","108":"n","109":"N","110":"a","111":"v","112":".","113":"v","114":"u","115":"e","116":"\"","117":"]","118":",","119":"\"","120":"n","121":"a","122":"m","123":"e","124":"s","125":"\"","126":":","127":"[","128":"]","129":",","130":"\"","131":"m","132":"a","133":"p","134":"p","135":"i","136":"n","137":"g","138":"s","139":"\"","140":":","141":"\"","142":";","143":";","144":";","145":";","146":";","147":";","148":";","149":";","150":"A","151":"A","152":"y","153":"C","154":"A","155":";","156":"A","157":"A","158":"A","159":"A","160":";","161":"A","162":"A","163":"A","164":"A","165":";","166":"A","167":"A","168":"C","169":"A","170":";","171":"A","172":"A","173":"A","174":"A","175":";","176":"A","177":"A","178":"A","179":"A","180":";","181":"A","182":"A","183":"A","184":"y","185":"D","186":";","187":"A","188":"A","189":"A","190":"A","191":",","192":"e","193":"A","194":"C","195":"1","196":"C","197":";","198":"E","199":"A","200":"C","201":"d","202":",","203":"I","204":"A","205":"A","206":"I","207":",","208":"E","209":"A","210":"A","211":"E","212":",","213":"S","214":"A","215":"A","216":"S","217":";","218":"E","219":"A","220":"C","221":"f","222":",","223":"U","224":"A","225":"A","226":"U","227":",","228":"E","229":"A","230":"A","231":"E","232":";","233":"I","234":"A","235":"C","236":"X","237":",","238":"Y","239":"A","240":"A","241":"Y","242":";","243":"I","244":"A","245":"A","246":"Z","247":";","248":"I","249":"A","250":"A","251":"A","252":";","253":"I","254":"A","255":"A","256":"A","257":";","258":"I","259":"A","260":"A","261":"A","262":",","263":"O","264":"A","265":"A","266":"Y","267":";","268":"I","269":"A","270":"C","271":"Z","272":",","273":"Y","274":"A","275":"A","276":"Y","277":";","278":"I","279":"A","280":"A","281":"Z","282":";","283":"I","284":"A","285":"A","286":"A","287":";","288":"I","289":"A","290":"A","291":"A","292":";","293":"I","294":"A","295":"A","296":"A","297":";","298":"E","299":"A","300":"C","301":"D","302":",","303":"C","304":"A","305":"A","306":"C","307":";","308":"E","309":"A","310":"C","311":"D","312":",","313":"I","314":"A","315":"A","316":"I","317":",","318":"G","319":"A","320":"A","321":"G","322":";","323":"I","324":"A","325":"C","326":"N","327":",","328":"O","329":"A","330":"A","331":"O","332":";","333":"M","334":"A","335":"C","336":"N","337":",","338":"O","339":"A","340":"A","341":"O","342":",","343":"E","344":"A","345":"A","346":"E","347":",","348":"g","349":"B","350":"A","351":"A","352":"g","353":"B","354":";","355":"M","356":"A","357":"C","358":"z","359":"B","360":",","361":"G","362":"A","363":"A","364":"G","365":",","366":"E","367":"A","368":"A","369":"E","370":",","371":"4","372":"B","373":"A","374":"A","375":"4","376":"B","377":";","378":"M","379":"A","380":"C","381":"j","382":"C","383":",","384":"S","385":"A","386":"A","387":"S","388":",","389":"E","390":"A","391":"A","392":"E","393":",","394":"C","395":"A","396":"C","397":"V","398":",","399":"O","400":"A","401":"A","402":"O","403":",","404":"E","405":"A","406":"C","407":"P","408":",","409":"W","410":"A","411":"A","412":"W","413":",","414":"E","415":"A","416":"C","417":"X","418":",","419":"g","420":"B","421":"A","422":"A","423":"g","424":"B","425":",","426":"E","427":"A","428":"C","429":"h","430":"B","431":",","432":"a","433":"A","434":"A","435":"a","436":",","437":"E","438":"A","439":"C","440":"b","441":",","442":"U","443":"A","444":"A","445":"U","446":",","447":"E","448":"A","449":"C","450":"V","451":",","452":"M","453":"A","454":"A","455":"M","456":",","457":"C","458":"A","459":"C","460":"N","461":";","462":"M","463":"A","464":"C","465":"D","466":",","467":"U","468":"A","469":"A","470":"U","471":",","472":"E","473":"A","474":"A","475":"E","476":";","477":"I","478":"A","479":"C","480":"b","481":",","482":"C","483":"A","484":"A","485":"C","486":";","487":"E","488":"A","489":"C","490":"F","491":",","492":"C","493":"A","494":"A","495":"C","496":";","497":"E","498":"A","499":"C","500":"D","501":",","502":"O","503":"A","504":"A","505":"O","506":",","507":"E","508":"A","509":"A","510":"E","511":";","512":"I","513":"A","514":"C","515":"R","516":",","517":"S","518":"A","519":"A","520":"S","521":",","522":"G","523":"A","524":"A","525":"G","526":";","527":"M","528":"A","529":"C","530":"X","531":",","532":"I","533":"A","534":"A","535":"I","536":",","537":"C","538":"A","539":"A","540":"C","541":",","542":"U","543":"A","544":"A","545":"U","546":",","547":"G","548":"A","549":"A","550":"G","551":",","552":"I","553":"A","554":"A","555":"I","556":";","557":"I","558":"A","559":"C","560":"v","561":"B","562":";","563":"E","564":"A","565":"C","566":"D","567":";","568":"A","569":"A","570":"C","571":"D","572":",","573":"C","574":"A","575":"A","576":"C","577":";","578":"A","579":"A","580":"A","581":"A","582":";","583":"A","584":"A","585":"A","586":"A","587":"\"","588":",","589":"\"","590":"f","591":"i","592":"l","593":"e","594":"\"","595":":","596":"\"","597":"C","598":":","599":"\\","600":"\\","601":"U","602":"s","603":"e","604":"r","605":"s","606":"\\","607":"\\","608":"g","609":"e","610":"o","611":"r","612":"g","613":"\\","614":"\\","615":"O","616":"n","617":"e","618":"D","619":"r","620":"i","621":"v","622":"e","623":"\\","624":"\\","625":"D","626":"e","627":"s","628":"k","629":"t","630":"o","631":"p","632":"\\","633":"\\","634":"v","635":"u","636":"e","637":"-","638":"p","639":"r","640":"o","641":"j","642":"e","643":"c","644":"t","645":"s","646":"\\","647":"\\","648":"j","649":"o","650":"b","651":"-","652":"s","653":"e","654":"a","655":"r","656":"c","657":"h","658":"\\","659":"\\","660":"s","661":"r","662":"c","663":"\\","664":"\\","665":"c","666":"o","667":"m","668":"p","669":"o","670":"n","671":"e","672":"n","673":"t","674":"s","675":"\\","676":"\\","677":"M","678":"a","679":"i","680":"n","681":"N","682":"a","683":"v","684":".","685":"v","686":"u","687":"e","688":"\"","689":",","690":"\"","691":"s","692":"o","693":"u","694":"r","695":"c","696":"e","697":"s","698":"C","699":"o","700":"n","701":"t","702":"e","703":"n","704":"t","705":"\"","706":":","707":"[","708":"\"","709":"<","710":"t","711":"e","712":"m","713":"p","714":"l","715":"a","716":"t","717":"e","718":">","719":"\\","720":"r","721":"\\","722":"n","723":"\\","724":"t","725":"<","726":"h","727":"e","728":"a","729":"d","730":"e","731":"r","732":" ","733":"c","734":"l","735":"a","736":"s","737":"s","738":"=","739":"\\","740":"\"","741":"w","742":"-","743":"f","744":"u","745":"l","746":"l","747":" ","748":"t","749":"e","750":"x","751":"t","752":"-","753":"s","754":"m","755":"\\","756":"\"","757":">","758":"\\","759":"r","760":"\\","761":"n","762":"\\","763":"t","764":"\\","765":"t","766":"<","767":"d","768":"i","769":"v","770":" ","771":"c","772":"l","773":"a","774":"s","775":"s","776":"=","777":"\\","778":"\"","779":"f","780":"i","781":"x","782":"e","783":"d","784":" ","785":"t","786":"o","787":"p","788":"-","789":"0","790":" ","791":"l","792":"e","793":"f","794":"t","795":"-","796":"0","797":" ","798":"w","799":"-","800":"f","801":"u","802":"l","803":"l","804":" ","805":"h","806":"-","807":"1","808":"6","809":" ","810":"b","811":"g","812":"-","813":"w","814":"h","815":"i","816":"t","817":"e","818":"\\","819":"\"","820":">","821":"\\","822":"r","823":"\\","824":"n","825":"\\","826":"t","827":"\\","828":"t","829":"\\","830":"t","831":"<","832":"d","833":"i","834":"v","835":"\\","836":"r","837":"\\","838":"n","839":"\\","840":"t","841":"\\","842":"t","843":"\\","844":"t","845":"\\","846":"t","847":"c","848":"l","849":"a","850":"s","851":"s","852":"=","853":"\\","854":"\"","855":"f","856":"l","857":"e","858":"x","859":" ","860":"f","861":"l","862":"e","863":"x","864":"-","865":"n","866":"o","867":"w","868":"r","869":"a","870":"p","871":" ","872":"h","873":"-","874":"f","875":"u","876":"l","877":"l","878":" ","879":"p","880":"x","881":"-","882":"8","883":" ","884":"m","885":"x","886":"-","887":"a","888":"u","889":"t","890":"o","891":" ","892":"b","893":"o","894":"r","895":"d","896":"e","897":"r","898":"-","899":"b","900":" ","901":"b","902":"o","903":"r","904":"d","905":"e","906":"r","907":"-","908":"s","909":"o","910":"l","911":"i","912":"d","913":" ","914":"b","915":"o","916":"r","917":"d","918":"e","919":"r","920":"-","921":"b","922":"r","923":"a","924":"n","925":"d","926":"-","927":"g","928":"r","929":"a","930":"y","931":"-","932":"1","933":"\\","934":"\"","935":"\\","936":"r","937":"\\","938":"n","939":"\\","940":"t","941":"\\","942":"t","943":"\\","944":"t","945":">","946":"\\","947":"r","948":"\\","949":"n","950":"\\","951":"t","952":"\\","953":"t","954":"\\","955":"t","956":"\\","957":"t","958":"<","959":"a","960":" ","961":":","962":"h","963":"r","964":"e","965":"f","966":"=","967":"\\","968":"\"","969":"u","970":"r","971":"l","972":"\\","973":"\"","974":" ","975":"c","976":"l","977":"a","978":"s","979":"s","980":"=","981":"\\","982":"\"","983":"f","984":"l","985":"e","986":"x","987":" ","988":"i","989":"t","990":"e","991":"m","992":"s","993":"-","994":"c","995":"e","996":"n","997":"t","998":"e","999":"r","1000":" ","1001":"h","1002":"-","1003":"f","1004":"u","1005":"l","1006":"l","1007":" ","1008":"t","1009":"e","1010":"x","1011":"t","1012":"-","1013":"x","1014":"l","1015":"\\","1016":"\"","1017":">","1018":"{","1019":"{","1020":"\\","1021":"r","1022":"\\","1023":"n","1024":"\\","1025":"t","1026":"\\","1027":"t","1028":"\\","1029":"t","1030":"\\","1031":"t","1032":"\\","1033":"t","1034":"c","1035":"o","1036":"m","1037":"p","1038":"a","1039":"n","1040":"y","1041":"\\","1042":"r","1043":"\\","1044":"n","1045":"\\","1046":"t","1047":"\\","1048":"t","1049":"\\","1050":"t","1051":"\\","1052":"t","1053":"}","1054":"}","1055":"<","1056":"/","1057":"a","1058":">","1059":"\\","1060":"r","1061":"\\","1062":"n","1063":"\\","1064":"r","1065":"\\","1066":"n","1067":"\\","1068":"t","1069":"\\","1070":"t","1071":"\\","1072":"t","1073":"\\","1074":"t","1075":"<","1076":"n","1077":"a","1078":"v","1079":" ","1080":"c","1081":"l","1082":"a","1083":"s","1084":"s","1085":"=","1086":"\\","1087":"\"","1088":"h","1089":"-","1090":"f","1091":"u","1092":"l","1093":"l","1094":" ","1095":"m","1096":"l","1097":"-","1098":"1","1099":"2","1100":"\\","1101":"\"","1102":">","1103":"\\","1104":"r","1105":"\\","1106":"n","1107":"\\","1108":"t","1109":"\\","1110":"t","1111":"\\","1112":"t","1113":"\\","1114":"t","1115":"\\","1116":"t","1117":"<","1118":"u","1119":"l","1120":" ","1121":"c","1122":"l","1123":"a","1124":"s","1125":"s","1126":"=","1127":"\\","1128":"\"","1129":"f","1130":"l","1131":"e","1132":"x","1133":" ","1134":"h","1135":"-","1136":"f","1137":"u","1138":"l","1139":"l","1140":" ","1141":"p","1142":"-","1143":"0","1144":" ","1145":"m","1146":"-","1147":"0","1148":" ","1149":"l","1150":"i","1151":"s","1152":"t","1153":"-","1154":"n","1155":"o","1156":"n","1157":"e","1158":"\\","1159":"\"","1160":">","1161":"\\","1162":"r","1163":"\\","1164":"n","1165":"\\","1166":"t","1167":"\\","1168":"t","1169":"\\","1170":"t","1171":"\\","1172":"t","1173":"\\","1174":"t","1175":"\\","1176":"t","1177":"<","1178":"l","1179":"i","1180":"\\","1181":"r","1182":"\\","1183":"n","1184":"\\","1185":"t","1186":"\\","1187":"t","1188":"\\","1189":"t","1190":"\\","1191":"t","1192":"\\","1193":"t","1194":"\\","1195":"t","1196":"\\","1197":"t","1198":"v","1199":"-","1200":"f","1201":"o","1202":"r","1203":"=","1204":"\\","1205":"\"","1206":"m","1207":"e","1208":"n","1209":"u","1210":"I","1211":"t","1212":"e","1213":"m","1214":" ","1215":"i","1216":"n","1217":" ","1218":"m","1219":"e","1220":"n","1221":"u","1222":"I","1223":"t","1224":"e","1225":"m","1226":"s","1227":"\\","1228":"\"","1229":"\\","1230":"r","1231":"\\","1232":"n","1233":"\\","1234":"t","1235":"\\","1236":"t","1237":"\\","1238":"t","1239":"\\","1240":"t","1241":"\\","1242":"t","1243":"\\","1244":"t","1245":"\\","1246":"t","1247":":","1248":"k","1249":"e","1250":"y","1251":"=","1252":"\\","1253":"\"","1254":"m","1255":"e","1256":"n","1257":"u","1258":"I","1259":"t","1260":"e","1261":"m","1262":"\\","1263":"\"","1264":"\\","1265":"r","1266":"\\","1267":"n","1268":"\\","1269":"t","1270":"\\","1271":"t","1272":"\\","1273":"t","1274":"\\","1275":"t","1276":"\\","1277":"t","1278":"\\","1279":"t","1280":"\\","1281":"t","1282":"d","1283":"a","1284":"t","1285":"a","1286":"-","1287":"t","1288":"e","1289":"s","1290":"t","1291":"=","1292":"\\","1293":"\"","1294":"m","1295":"a","1296":"i","1297":"n","1298":"-","1299":"n","1300":"a","1301":"v","1302":"-","1303":"l","1304":"i","1305":"s","1306":"t","1307":"-","1308":"i","1309":"t","1310":"e","1311":"m","1312":"\\","1313":"\"","1314":"\\","1315":"r","1316":"\\","1317":"n","1318":"\\","1319":"t","1320":"\\","1321":"t","1322":"\\","1323":"t","1324":"\\","1325":"t","1326":"\\","1327":"t","1328":"\\","1329":"t","1330":"\\","1331":"t","1332":"c","1333":"l","1334":"a","1335":"s","1336":"s","1337":"=","1338":"\\","1339":"\"","1340":"h","1341":"-","1342":"f","1343":"u","1344":"l","1345":"l","1346":" ","1347":"m","1348":"l","1349":"-","1350":"9","1351":" ","1352":"f","1353":"i","1354":"r","1355":"s","1356":"t","1357":":","1358":"m","1359":"l","1360":"-","1361":"0","1362":"\\","1363":"\"","1364":"\\","1365":"r","1366":"\\","1367":"n","1368":"\\","1369":"t","1370":"\\","1371":"t","1372":"\\","1373":"t","1374":"\\","1375":"t","1376":"\\","1377":"t","1378":"\\","1379":"t","1380":">","1381":"\\","1382":"r","1383":"\\","1384":"n","1385":"\\","1386":"t","1387":"\\","1388":"t","1389":"\\","1390":"t","1391":"\\","1392":"t","1393":"\\","1394":"t","1395":"\\","1396":"t","1397":"\\","1398":"t","1399":"<","1400":"a","1401":" ","1402":"h","1403":"r","1404":"e","1405":"f","1406":"=","1407":"\\","1408":"\"","1409":"\\","1410":"\"","1411":" ","1412":"c","1413":"l","1414":"a","1415":"s","1416":"s","1417":"=","1418":"\\","1419":"\"","1420":"f","1421":"l","1422":"e","1423":"x","1424":" ","1425":"i","1426":"t","1427":"e","1428":"m","1429":"s","1430":"-","1431":"c","1432":"e","1433":"n","1434":"t","1435":"e","1436":"r","1437":" ","1438":"h","1439":"-","1440":"f","1441":"u","1442":"l","1443":"l","1444":" ","1445":"p","1446":"y","1447":"-","1448":"2","1449":".","1450":"5","1451":"\\","1452":"\"","1453":">","1454":"{","1455":"{","1456":"\\","1457":"r","1458":"\\","1459":"n","1460":"\\","1461":"t","1462":"\\","1463":"t","1464":"\\","1465":"t","1466":"\\","1467":"t","1468":"\\","1469":"t","1470":"\\","1471":"t","1472":"\\","1473":"t","1474":"\\","1475":"t","1476":"m","1477":"e","1478":"n","1479":"u","1480":"I","1481":"t","1482":"e","1483":"m","1484":"\\","1485":"r","1486":"\\","1487":"n","1488":"\\","1489":"t","1490":"\\","1491":"t","1492":"\\","1493":"t","1494":"\\","1495":"t","1496":"\\","1497":"t","1498":"\\","1499":"t","1500":"\\","1501":"t","1502":"}","1503":"}","1504":"<","1505":"/","1506":"a","1507":">","1508":"\\","1509":"r","1510":"\\","1511":"n","1512":"\\","1513":"t","1514":"\\","1515":"t","1516":"\\","1517":"t","1518":"\\","1519":"t","1520":"\\","1521":"t","1522":"\\","1523":"t","1524":"<","1525":"/","1526":"l","1527":"i","1528":">","1529":"\\","1530":"r","1531":"\\","1532":"n","1533":"\\","1534":"t","1535":"\\","1536":"t","1537":"\\","1538":"t","1539":"\\","1540":"t","1541":"\\","1542":"t","1543":"<","1544":"/","1545":"u","1546":"l","1547":">","1548":"\\","1549":"r","1550":"\\","1551":"n","1552":"\\","1553":"t","1554":"\\","1555":"t","1556":"\\","1557":"t","1558":"\\","1559":"t","1560":"<","1561":"/","1562":"n","1563":"a","1564":"v","1565":">","1566":"\\","1567":"r","1568":"\\","1569":"n","1570":"\\","1571":"r","1572":"\\","1573":"n","1574":"\\","1575":"t","1576":"\\","1577":"t","1578":"\\","1579":"t","1580":"\\","1581":"t","1582":"<","1583":"d","1584":"i","1585":"v","1586":" ","1587":"c","1588":"l","1589":"a","1590":"s","1591":"s","1592":"=","1593":"\\","1594":"\"","1595":"f","1596":"l","1597":"e","1598":"x","1599":" ","1600":"i","1601":"t","1602":"e","1603":"m","1604":"s","1605":"-","1606":"c","1607":"e","1608":"n","1609":"t","1610":"e","1611":"r","1612":" ","1613":"h","1614":"-","1615":"f","1616":"u","1617":"l","1618":"l","1619":" ","1620":"m","1621":"l","1622":"-","1623":"a","1624":"u","1625":"t","1626":"o","1627":"\\","1628":"\"","1629":">","1630":"\\","1631":"r","1632":"\\","1633":"n","1634":"\\","1635":"t","1636":"\\","1637":"t","1638":"\\","1639":"t","1640":"\\","1641":"t","1642":"\\","1643":"t","1644":"<","1645":"p","1646":"r","1647":"o","1648":"f","1649":"i","1650":"l","1651":"e","1652":"-","1653":"i","1654":"m","1655":"a","1656":"g","1657":"e","1658":" ","1659":"v","1660":"-","1661":"i","1662":"f","1663":"=","1664":"\\","1665":"\"","1666":"i","1667":"s","1668":"L","1669":"o","1670":"g","1671":"g","1672":"e","1673":"d","1674":"I","1675":"n","1676":"\\","1677":"\"","1678":" ","1679":"d","1680":"a","1681":"t","1682":"a","1683":"-","1684":"t","1685":"e","1686":"s","1687":"t","1688":"=","1689":"\\","1690":"\"","1691":"p","1692":"r","1693":"o","1694":"f","1695":"i","1696":"l","1697":"e","1698":"-","1699":"i","1700":"m","1701":"a","1702":"g","1703":"e","1704":"\\","1705":"\"","1706":" ","1707":"/","1708":">","1709":"\\","1710":"r","1711":"\\","1712":"n","1713":"\\","1714":"t","1715":"\\","1716":"t","1717":"\\","1718":"t","1719":"\\","1720":"t","1721":"\\","1722":"t","1723":"<","1724":"a","1725":"c","1726":"t","1727":"i","1728":"o","1729":"n","1730":"-","1731":"b","1732":"u","1733":"t","1734":"t","1735":"o","1736":"n","1737":"\\","1738":"r","1739":"\\","1740":"n","1741":"\\","1742":"t","1743":"\\","1744":"t","1745":"\\","1746":"t","1747":"\\","1748":"t","1749":"\\","1750":"t","1751":"\\","1752":"t","1753":"v","1754":"-","1755":"e","1756":"l","1757":"s","1758":"e","1759":"\\","1760":"r","1761":"\\","1762":"n","1763":"\\","1764":"t","1765":"\\","1766":"t","1767":"\\","1768":"t","1769":"\\","1770":"t","1771":"\\","1772":"t","1773":"\\","1774":"t","1775":"t","1776":"e","1777":"x","1778":"t","1779":"=","1780":"\\","1781":"\"","1782":"S","1783":"i","1784":"g","1785":"n","1786":" ","1787":"i","1788":"n","1789":"\\","1790":"\"","1791":"\\","1792":"r","1793":"\\","1794":"n","1795":"\\","1796":"t","1797":"\\","1798":"t","1799":"\\","1800":"t","1801":"\\","1802":"t","1803":"\\","1804":"t","1805":"\\","1806":"t","1807":"t","1808":"y","1809":"p","1810":"e","1811":"=","1812":"\\","1813":"\"","1814":"p","1815":"r","1816":"i","1817":"m","1818":"a","1819":"r","1820":"y","1821":"\\","1822":"\"","1823":"\\","1824":"r","1825":"\\","1826":"n","1827":"\\","1828":"t","1829":"\\","1830":"t","1831":"\\","1832":"t","1833":"\\","1834":"t","1835":"\\","1836":"t","1837":"\\","1838":"t","1839":"d","1840":"a","1841":"t","1842":"a","1843":"-","1844":"t","1845":"e","1846":"s","1847":"t","1848":"=","1849":"\\","1850":"\"","1851":"l","1852":"o","1853":"g","1854":"i","1855":"n","1856":"-","1857":"b","1858":"u","1859":"t","1860":"t","1861":"o","1862":"n","1863":"\\","1864":"\"","1865":"\\","1866":"r","1867":"\\","1868":"n","1869":"\\","1870":"t","1871":"\\","1872":"t","1873":"\\","1874":"t","1875":"\\","1876":"t","1877":"\\","1878":"t","1879":"\\","1880":"t","1881":"@","1882":":","1883":"c","1884":"l","1885":"i","1886":"c","1887":"k","1888":"=","1889":"\\","1890":"\"","1891":"l","1892":"o","1893":"g","1894":"i","1895":"n","1896":"U","1897":"s","1898":"e","1899":"r","1900":"\\","1901":"\"","1902":"\\","1903":"r","1904":"\\","1905":"n","1906":"\\","1907":"t","1908":"\\","1909":"t","1910":"\\","1911":"t","1912":"\\","1913":"t","1914":"\\","1915":"t","1916":"/","1917":">","1918":"\\","1919":"r","1920":"\\","1921":"n","1922":"\\","1923":"t","1924":"\\","1925":"t","1926":"\\","1927":"t","1928":"\\","1929":"t","1930":"<","1931":"/","1932":"d","1933":"i","1934":"v","1935":">","1936":"\\","1937":"r","1938":"\\","1939":"n","1940":"\\","1941":"t","1942":"\\","1943":"t","1944":"\\","1945":"t","1946":"<","1947":"/","1948":"d","1949":"i","1950":"v","1951":">","1952":"\\","1953":"r","1954":"\\","1955":"n","1956":"\\","1957":"t","1958":"\\","1959":"t","1960":"<","1961":"/","1962":"d","1963":"i","1964":"v","1965":">","1966":"\\","1967":"r","1968":"\\","1969":"n","1970":"\\","1971":"t","1972":"<","1973":"/","1974":"h","1975":"e","1976":"a","1977":"d","1978":"e","1979":"r","1980":">","1981":"\\","1982":"r","1983":"\\","1984":"n","1985":"<","1986":"/","1987":"t","1988":"e","1989":"m","1990":"p","1991":"l","1992":"a","1993":"t","1994":"e","1995":">","1996":"\\","1997":"r","1998":"\\","1999":"n","2000":"\\","2001":"r","2002":"\\","2003":"n","2004":"<","2005":"s","2006":"c","2007":"r","2008":"i","2009":"p","2010":"t","2011":">","2012":"\\","2013":"r","2014":"\\","2015":"n","2016":"i","2017":"m","2018":"p","2019":"o","2020":"r","2021":"t","2022":" ","2023":"A","2024":"c","2025":"t","2026":"i","2027":"o","2028":"n","2029":"B","2030":"u","2031":"t","2032":"t","2033":"o","2034":"n","2035":" ","2036":"f","2037":"r","2038":"o","2039":"m","2040":" ","2041":"\\","2042":"\"","2043":"@","2044":"/","2045":"c","2046":"o","2047":"m","2048":"p","2049":"o","2050":"n","2051":"e","2052":"n","2053":"t","2054":"s","2055":"/","2056":"A","2057":"c","2058":"t","2059":"i","2060":"o","2061":"n","2062":"B","2063":"u","2064":"t","2065":"t","2066":"o","2067":"n","2068":".","2069":"v","2070":"u","2071":"e","2072":"\\","2073":"\"","2074":";","2075":"\\","2076":"r","2077":"\\","2078":"n","2079":"i","2080":"m","2081":"p","2082":"o","2083":"r","2084":"t","2085":" ","2086":"P","2087":"r","2088":"o","2089":"f","2090":"i","2091":"l","2092":"e","2093":"I","2094":"m","2095":"a","2096":"g","2097":"e","2098":" ","2099":"f","2100":"r","2101":"o","2102":"m","2103":" ","2104":"\\","2105":"\"","2106":"@","2107":"/","2108":"c","2109":"o","2110":"m","2111":"p","2112":"o","2113":"n","2114":"e","2115":"n","2116":"t","2117":"s","2118":"/","2119":"P","2120":"r","2121":"o","2122":"f","2123":"i","2124":"l","2125":"e","2126":"I","2127":"m","2128":"a","2129":"g","2130":"e","2131":".","2132":"v","2133":"u","2134":"e","2135":"\\","2136":"\"","2137":";","2138":"\\","2139":"r","2140":"\\","2141":"n","2142":"e","2143":"x","2144":"p","2145":"o","2146":"r","2147":"t","2148":" ","2149":"d","2150":"e","2151":"f","2152":"a","2153":"u","2154":"l","2155":"t","2156":" ","2157":"{","2158":"\\","2159":"r","2160":"\\","2161":"n","2162":"\\","2163":"t","2164":"n","2165":"a","2166":"m","2167":"e","2168":":","2169":" ","2170":"\\","2171":"\"","2172":"M","2173":"a","2174":"i","2175":"n","2176":"N","2177":"a","2178":"v","2179":"\\","2180":"\"","2181":",","2182":"\\","2183":"r","2184":"\\","2185":"n","2186":"\\","2187":"t","2188":"c","2189":"o","2190":"m","2191":"p","2192":"o","2193":"n","2194":"e","2195":"n","2196":"t","2197":"s","2198":":","2199":" ","2200":"{","2201":"\\","2202":"r","2203":"\\","2204":"n","2205":"\\","2206":"t","2207":"\\","2208":"t","2209":"A","2210":"c","2211":"t","2212":"i","2213":"o","2214":"n","2215":"B","2216":"u","2217":"t","2218":"t","2219":"o","2220":"n","2221":",","2222":"\\","2223":"r","2224":"\\","2225":"n","2226":"\\","2227":"t","2228":"\\","2229":"t","2230":"P","2231":"r","2232":"o","2233":"f","2234":"i","2235":"l","2236":"e","2237":"I","2238":"m","2239":"a","2240":"g","2241":"e","2242":",","2243":"\\","2244":"r","2245":"\\","2246":"n","2247":"\\","2248":"t","2249":"}","2250":",","2251":"\\","2252":"r","2253":"\\","2254":"n","2255":"\\","2256":"t","2257":"d","2258":"a","2259":"t","2260":"a","2261":"(","2262":")","2263":" ","2264":"{","2265":"\\","2266":"r","2267":"\\","2268":"n","2269":"\\","2270":"t","2271":"\\","2272":"t","2273":"r","2274":"e","2275":"t","2276":"u","2277":"r","2278":"n","2279":" ","2280":"{","2281":"\\","2282":"r","2283":"\\","2284":"n","2285":"\\","2286":"t","2287":"\\","2288":"t","2289":"\\","2290":"t","2291":"c","2292":"o","2293":"m","2294":"p","2295":"a","2296":"n","2297":"y","2298":":","2299":" ","2300":"\\","2301":"\"","2302":"B","2303":"o","2304":"o","2305":"g","2306":"l","2307":"e","2308":" ","2309":"C","2310":"a","2311":"r","2312":"e","2313":"e","2314":"r","2315":"s","2316":"\\","2317":"\"","2318":",","2319":"\\","2320":"r","2321":"\\","2322":"n","2323":"\\","2324":"t","2325":"\\","2326":"t","2327":"\\","2328":"t","2329":"u","2330":"r","2331":"l","2332":":","2333":" ","2334":"\\","2335":"\"","2336":"h","2337":"t","2338":"t","2339":"p","2340":"s","2341":":","2342":"/","2343":"/","2344":"c","2345":"a","2346":"r","2347":"e","2348":"e","2349":"r","2350":"s","2351":".","2352":"g","2353":"o","2354":"o","2355":"g","2356":"l","2357":"e","2358":".","2359":"c","2360":"o","2361":"m","2362":"\\","2363":"\"","2364":",","2365":"\\","2366":"r","2367":"\\","2368":"n","2369":"\\","2370":"t","2371":"\\","2372":"t","2373":"\\","2374":"t","2375":"m","2376":"e","2377":"n","2378":"u","2379":"I","2380":"t","2381":"e","2382":"m","2383":"s","2384":":","2385":" ","2386":"[","2387":"\\","2388":"r","2389":"\\","2390":"n","2391":"\\","2392":"t","2393":"\\","2394":"t","2395":"\\","2396":"t","2397":"\\","2398":"t","2399":"\\","2400":"\"","2401":"T","2402":"e","2403":"a","2404":"m","2405":"s","2406":"\\","2407":"\"","2408":",","2409":"\\","2410":"r","2411":"\\","2412":"n","2413":"\\","2414":"t","2415":"\\","2416":"t","2417":"\\","2418":"t","2419":"\\","2420":"t","2421":"\\","2422":"\"","2423":"L","2424":"o","2425":"c","2426":"a","2427":"t","2428":"i","2429":"o","2430":"n","2431":"s","2432":"\\","2433":"\"","2434":",","2435":"\\","2436":"r","2437":"\\","2438":"n","2439":"\\","2440":"t","2441":"\\","2442":"t","2443":"\\","2444":"t","2445":"\\","2446":"t","2447":"\\","2448":"\"","2449":"L","2450":"i","2451":"f","2452":"e","2453":" ","2454":"a","2455":"t","2456":" ","2457":"B","2458":"o","2459":"o","2460":"g","2461":"l","2462":"e","2463":"\\","2464":"\"","2465":",","2466":"\\","2467":"r","2468":"\\","2469":"n","2470":"\\","2471":"t","2472":"\\","2473":"t","2474":"\\","2475":"t","2476":"\\","2477":"t","2478":"\\","2479":"\"","2480":"H","2481":"o","2482":"w","2483":" ","2484":"w","2485":"e","2486":" ","2487":"h","2488":"i","2489":"r","2490":"e","2491":"\\","2492":"\"","2493":",","2494":"\\","2495":"r","2496":"\\","2497":"n","2498":"\\","2499":"t","2500":"\\","2501":"t","2502":"\\","2503":"t","2504":"\\","2505":"t","2506":"\\","2507":"\"","2508":"S","2509":"t","2510":"u","2511":"d","2512":"e","2513":"n","2514":"t","2515":"s","2516":"\\","2517":"\"","2518":",","2519":"\\","2520":"r","2521":"\\","2522":"n","2523":"\\","2524":"t","2525":"\\","2526":"t","2527":"\\","2528":"t","2529":"\\","2530":"t","2531":"\\","2532":"\"","2533":"J","2534":"o","2535":"b","2536":"s","2537":"\\","2538":"\"","2539":",","2540":"\\","2541":"r","2542":"\\","2543":"n","2544":"\\","2545":"t","2546":"\\","2547":"t","2548":"\\","2549":"t","2550":"]","2551":",","2552":"\\","2553":"r","2554":"\\","2555":"n","2556":"\\","2557":"t","2558":"\\","2559":"t","2560":"\\","2561":"t","2562":"i","2563":"s","2564":"L","2565":"o","2566":"g","2567":"g","2568":"e","2569":"d","2570":"I","2571":"n","2572":":","2573":" ","2574":"f","2575":"a","2576":"l","2577":"s","2578":"e","2579":",","2580":"\\","2581":"r","2582":"\\","2583":"n","2584":"\\","2585":"t","2586":"\\","2587":"t","2588":"}","2589":";","2590":"\\","2591":"r","2592":"\\","2593":"n","2594":"\\","2595":"t","2596":"}","2597":",","2598":"\\","2599":"r","2600":"\\","2601":"n","2602":"\\","2603":"t","2604":"m","2605":"e","2606":"t","2607":"h","2608":"o","2609":"d","2610":"s","2611":":","2612":" ","2613":"{","2614":"\\","2615":"r","2616":"\\","2617":"n","2618":"\\","2619":"t","2620":"\\","2621":"t","2622":"l","2623":"o","2624":"g","2625":"i","2626":"n","2627":"U","2628":"s","2629":"e","2630":"r","2631":"(","2632":")","2633":" ","2634":"{","2635":"\\","2636":"r","2637":"\\","2638":"n","2639":"\\","2640":"t","2641":"\\","2642":"t","2643":"\\","2644":"t","2645":"t","2646":"h","2647":"i","2648":"s","2649":".","2650":"i","2651":"s","2652":"L","2653":"o","2654":"g","2655":"g","2656":"e","2657":"d","2658":"I","2659":"n","2660":" ","2661":"=","2662":" ","2663":"t","2664":"r","2665":"u","2666":"e","2667":";","2668":"\\","2669":"r","2670":"\\","2671":"n","2672":"\\","2673":"t","2674":"\\","2675":"t","2676":"}","2677":",","2678":"\\","2679":"r","2680":"\\","2681":"n","2682":"\\","2683":"t","2684":"}","2685":",","2686":"\\","2687":"r","2688":"\\","2689":"n","2690":"}","2691":";","2692":"\\","2693":"r","2694":"\\","2695":"n","2696":"<","2697":"/","2698":"s","2699":"c","2700":"r","2701":"i","2702":"p","2703":"t","2704":">","2705":"\\","2706":"r","2707":"\\","2708":"n","2709":"\"","2710":"]","2711":"}"},"_coverageSchema":"1a1c01bbd47fc00a2c39e90264f33305004495a9","hash":"2f68a4e3c40349903747b435a6a6c660d94cd660"}
,"C:\\Users\\georg\\OneDrive\\Desktop\\vue-projects\\job-search\\src\\components\\ProfileImage.vue": {"path":"C:\\Users\\georg\\OneDrive\\Desktop\\vue-projects\\job-search\\src\\components\\ProfileImage.vue","statementMap":{"0":{"start":{"line":4,"column":0},"end":{"line":6,"column":3}},"1":{"start":{"line":7,"column":0},"end":{"line":7,"column":25}},"2":{"start":{"line":8,"column":15},"end":{"line":15,"column":1}},"3":{"start":{"line":11,"column":4},"end":{"line":13,"column":6}},"4":{"start":{"line":18,"column":0},"end":{"line":18,"column":13}},"5":{"start":{"line":20,"column":0},"end":{"line":22,"column":3}},"6":{"start":{"line":23,"column":0},"end":{"line":23,"column":24}},"7":{"start":{"line":24,"column":11},"end":{"line":24,"column":25}},"8":{"start":{"line":25,"column":19},"end":{"line":25,"column":26}},"9":{"start":{"line":27,"column":2},"end":{"line":30,"column":38}},"10":{"start":{"line":31,"column":2},"end":{"line":31,"column":49}}},"fnMap":{"0":{"name":"(anonymous_0)","decl":{"start":{"line":10,"column":2},"end":{"line":10,"column":3}},"loc":{"start":{"line":10,"column":9},"end":{"line":14,"column":3}},"line":10},"1":{"name":"render","decl":{"start":{"line":26,"column":9},"end":{"line":26,"column":15}},"loc":{"start":{"line":26,"column":30},"end":{"line":31,"column":1}},"line":26}},"branchMap":{},"s":{"0":1,"1":1,"2":1,"3":1,"4":1,"5":1,"6":1,"7":1,"8":1,"9":1,"10":1},"f":{"0":1,"1":1},"b":{},"inputSourceMap":{"0":"{","1":"\"","2":"v","3":"e","4":"r","5":"s","6":"i","7":"o","8":"n","9":"\"","10":":","11":"3","12":",","13":"\"","14":"s","15":"o","16":"u","17":"r","18":"c","19":"e","20":"s","21":"\"","22":":","23":"[","24":"\"","25":"C","26":":","27":"\\","28":"\\","29":"U","30":"s","31":"e","32":"r","33":"s","34":"\\","35":"\\","36":"g","37":"e","38":"o","39":"r","40":"g","41":"\\","42":"\\","43":"O","44":"n","45":"e","46":"D","47":"r","48":"i","49":"v","50":"e","51":"\\","52":"\\","53":"D","54":"e","55":"s","56":"k","57":"t","58":"o","59":"p","60":"\\","61":"\\","62":"v","63":"u","64":"e","65":"-","66":"p","67":"r","68":"o","69":"j","70":"e","71":"c","72":"t","73":"s","74":"\\","75":"\\","76":"j","77":"o","78":"b","79":"-","80":"s","81":"e","82":"a","83":"r","84":"c","85":"h","86":"\\","87":"\\","88":"s","89":"r","90":"c","91":"\\","92":"\\","93":"c","94":"o","95":"m","96":"p","97":"o","98":"n","99":"e","100":"n","101":"t","102":"s","103":"\\","104":"\\","105":"P","106":"r","107":"o","108":"f","109":"i","110":"l","111":"e","112":"I","113":"m","114":"a","115":"g","116":"e","117":".","118":"v","119":"u","120":"e","121":"\"","122":"]","123":",","124":"\"","125":"n","126":"a","127":"m","128":"e","129":"s","130":"\"","131":":","132":"[","133":"]","134":",","135":"\"","136":"m","137":"a","138":"p","139":"p","140":"i","141":"n","142":"g","143":"s","144":"\"","145":":","146":"\"","147":";","148":";","149":";","150":";","151":";","152":";","153":";","154":"e","155":"A","156":"K","157":"e","158":";","159":"E","160":"A","161":"C","162":"d","163":",","164":"I","165":"A","166":"A","167":"I","168":",","169":"E","170":"A","171":"A","172":"E","173":",","174":"c","175":"A","176":"A","177":"c","178":";","179":"E","180":"A","181":"C","182":"p","183":"B","184":",","185":"I","186":"A","187":"A","188":"I","189":",","190":"G","191":"A","192":"A","193":"G","194":";","195":"I","196":"A","197":"C","198":"N","199":",","200":"O","201":"A","202":"A","203":"O","204":";","205":"M","206":"A","207":"C","208":"N","209":",","210":"S","211":"A","212":"A","213":"S","214":",","215":"E","216":"A","217":"C","218":"R","219":";","220":"I","221":"A","222":"C","223":"F","224":",","225":"C","226":"A","227":"A","228":"C","229":";","230":"E","231":"A","232":"C","233":"F","234":";","235":"A","236":"A","237":"C","238":"D","239":",","240":"C","241":"A","242":"A","243":"C","244":";","245":"A","246":"A","247":"A","248":"A","249":";","250":"A","251":"A","252":"A","253":"A","254":"\"","255":",","256":"\"","257":"f","258":"i","259":"l","260":"e","261":"\"","262":":","263":"\"","264":"C","265":":","266":"\\","267":"\\","268":"U","269":"s","270":"e","271":"r","272":"s","273":"\\","274":"\\","275":"g","276":"e","277":"o","278":"r","279":"g","280":"\\","281":"\\","282":"O","283":"n","284":"e","285":"D","286":"r","287":"i","288":"v","289":"e","290":"\\","291":"\\","292":"D","293":"e","294":"s","295":"k","296":"t","297":"o","298":"p","299":"\\","300":"\\","301":"v","302":"u","303":"e","304":"-","305":"p","306":"r","307":"o","308":"j","309":"e","310":"c","311":"t","312":"s","313":"\\","314":"\\","315":"j","316":"o","317":"b","318":"-","319":"s","320":"e","321":"a","322":"r","323":"c","324":"h","325":"\\","326":"\\","327":"s","328":"r","329":"c","330":"\\","331":"\\","332":"c","333":"o","334":"m","335":"p","336":"o","337":"n","338":"e","339":"n","340":"t","341":"s","342":"\\","343":"\\","344":"P","345":"r","346":"o","347":"f","348":"i","349":"l","350":"e","351":"I","352":"m","353":"a","354":"g","355":"e","356":".","357":"v","358":"u","359":"e","360":"\"","361":",","362":"\"","363":"s","364":"o","365":"u","366":"r","367":"c","368":"e","369":"s","370":"C","371":"o","372":"n","373":"t","374":"e","375":"n","376":"t","377":"\"","378":":","379":"[","380":"\"","381":"<","382":"t","383":"e","384":"m","385":"p","386":"l","387":"a","388":"t","389":"e","390":">","391":"\\","392":"r","393":"\\","394":"n","395":"\\","396":"t","397":"<","398":"i","399":"m","400":"g","401":" ","402":":","403":"s","404":"r","405":"c","406":"=","407":"\\","408":"\"","409":"i","410":"m","411":"a","412":"g","413":"e","414":"L","415":"i","416":"n","417":"k","418":"\\","419":"\"","420":" ","421":"c","422":"l","423":"a","424":"s","425":"s","426":"=","427":"\\","428":"\"","429":"w","430":"-","431":"8","432":" ","433":"h","434":"-","435":"8","436":" ","437":"o","438":"b","439":"j","440":"e","441":"c","442":"t","443":"-","444":"c","445":"o","446":"n","447":"t","448":"a","449":"i","450":"n","451":" ","452":"r","453":"o","454":"u","455":"n","456":"d","457":"e","458":"d","459":"-","460":"3","461":"x","462":"l","463":"\\","464":"\"","465":" ","466":"/","467":">","468":"\\","469":"r","470":"\\","471":"n","472":"<","473":"/","474":"t","475":"e","476":"m","477":"p","478":"l","479":"a","480":"t","481":"e","482":">","483":"\\","484":"r","485":"\\","486":"n","487":"\\","488":"r","489":"\\","490":"n","491":"<","492":"s","493":"c","494":"r","495":"i","496":"p","497":"t","498":">","499":"\\","500":"r","501":"\\","502":"n","503":"e","504":"x","505":"p","506":"o","507":"r","508":"t","509":" ","510":"d","511":"e","512":"f","513":"a","514":"u","515":"l","516":"t","517":" ","518":"{","519":"\\","520":"r","521":"\\","522":"n","523":"\\","524":"t","525":"n","526":"a","527":"m","528":"e","529":":","530":" ","531":"\\","532":"\"","533":"P","534":"r","535":"o","536":"f","537":"i","538":"l","539":"e","540":"I","541":"m","542":"a","543":"g","544":"e","545":"\\","546":"\"","547":",","548":"\\","549":"r","550":"\\","551":"n","552":"\\","553":"t","554":"d","555":"a","556":"t","557":"a","558":"(","559":")","560":" ","561":"{","562":"\\","563":"r","564":"\\","565":"n","566":"\\","567":"t","568":"\\","569":"t","570":"r","571":"e","572":"t","573":"u","574":"r","575":"n","576":" ","577":"{","578":"\\","579":"r","580":"\\","581":"n","582":"\\","583":"t","584":"\\","585":"t","586":"\\","587":"t","588":"i","589":"m","590":"a","591":"g","592":"e","593":"L","594":"i","595":"n","596":"k","597":":","598":"\\","599":"r","600":"\\","601":"n","602":"\\","603":"t","604":"\\","605":"t","606":"\\","607":"t","608":"\\","609":"t","610":"\\","611":"\"","612":"h","613":"t","614":"t","615":"p","616":"s","617":":","618":"/","619":"/","620":"w","621":"w","622":"w","623":".","624":"p","625":"n","626":"g","627":"i","628":"t","629":"e","630":"m","631":".","632":"c","633":"o","634":"m","635":"/","636":"p","637":"i","638":"m","639":"g","640":"s","641":"/","642":"m","643":"/","644":"4","645":"8","646":"7","647":"-","648":"4","649":"8","650":"7","651":"6","652":"4","653":"1","654":"7","655":"_","656":"l","657":"i","658":"n","659":"k","660":"-","661":"h","662":"e","663":"a","664":"d","665":"-","666":"p","667":"n","668":"g","669":"-","670":"t","671":"o","672":"o","673":"n","674":"-","675":"l","676":"i","677":"n","678":"k","679":"-","680":"f","681":"a","682":"c","683":"e","684":"-","685":"p","686":"n","687":"g","688":"-","689":"t","690":"r","691":"a","692":"n","693":"s","694":"p","695":"a","696":"r","697":"e","698":"n","699":"t","700":".","701":"p","702":"n","703":"g","704":"\\","705":"\"","706":",","707":"\\","708":"r","709":"\\","710":"n","711":"\\","712":"t","713":"\\","714":"t","715":"}","716":";","717":"\\","718":"r","719":"\\","720":"n","721":"\\","722":"t","723":"}","724":",","725":"\\","726":"r","727":"\\","728":"n","729":"}","730":";","731":"\\","732":"r","733":"\\","734":"n","735":"<","736":"/","737":"s","738":"c","739":"r","740":"i","741":"p","742":"t","743":">","744":"\\","745":"r","746":"\\","747":"n","748":"\"","749":"]","750":"}"},"_coverageSchema":"1a1c01bbd47fc00a2c39e90264f33305004495a9","hash":"7c22bf989e4678b89535fc927ab1ad58599ebfd0"}
}
