TN:
SF:src\components\ActionButton.vue
FN:12,(anonymous_0)
FN:28,render
FNF:2
FNH:2
FNDA:5,(anonymous_0)
FNDA:5,render
DA:4,2
DA:7,2
DA:8,2
DA:13,5
DA:21,2
DA:23,2
DA:26,2
DA:27,2
DA:29,5
DA:32,2
LF:10
LH:10
BRF:0
BRH:0
end_of_record
TN:
SF:src\components\MainNav.vue
FN:76,render
FN:82,(anonymous_1)
FNF:2
FNH:2
FNDA:5,render
FNDA:30,(anonymous_1)
DA:4,1
DA:5,1
DA:8,1
DA:46,1
DA:48,1
DA:51,1
DA:52,1
DA:53,1
DA:56,1
DA:59,1
DA:62,1
DA:63,1
DA:66,1
DA:69,1
DA:73,1
DA:77,5
DA:78,5
DA:79,5
DA:83,30
DA:98,1
LF:20
LH:20
BRDA:88,0,0,1
BRDA:88,0,1,4
BRF:2
BRH:2
end_of_record
TN:
SF:src\components\ProfileImage.vue
FN:10,(anonymous_0)
FN:26,render
FNF:2
FNH:2
FNDA:1,(anonymous_0)
FNDA:1,render
DA:4,1
DA:7,1
DA:8,1
DA:11,1
DA:18,1
DA:20,1
DA:23,1
DA:24,1
DA:25,1
DA:27,1
DA:31,1
LF:11
LH:11
BRF:0
BRH:0
end_of_record
