TN:
SF:src\components\ActionButton.vue
FN:23,render
FNF:1
FNH:1
FNDA:3,render
DA:4,1
DA:7,1
DA:8,1
DA:13,1
DA:15,1
DA:18,1
DA:19,1
DA:20,1
DA:24,3
DA:25,1
LF:10
LH:10
BRF:0
BRH:0
end_of_record
TN:
SF:src\components\MainNav.vue
FN:71,render
FN:77,(anonymous_1)
FNF:2
FNH:2
FNDA:4,render
FNDA:24,(anonymous_1)
DA:4,1
DA:5,1
DA:8,1
DA:41,1
DA:43,1
DA:46,1
DA:47,1
DA:48,1
DA:51,1
DA:54,1
DA:57,1
DA:58,1
DA:61,1
DA:64,1
DA:68,1
DA:72,4
DA:73,4
DA:74,4
DA:78,24
DA:88,1
LF:20
LH:20
BRDA:83,0,0,1
BRDA:83,0,1,3
BRF:2
BRH:2
end_of_record
TN:
SF:src\components\ProfileImage.vue
FN:10,(anonymous_0)
FN:26,render
FNF:2
FNH:2
FNDA:1,(anonymous_0)
FNDA:1,render
DA:4,1
DA:7,1
DA:8,1
DA:11,1
DA:18,1
DA:20,1
DA:23,1
DA:24,1
DA:25,1
DA:27,1
DA:31,1
LF:11
LH:11
BRF:0
BRH:0
end_of_record
